# JRE version: Java(TM) SE Runtime Environment (8.0_66-b18) (build 1.8.0_66-b18)
# Java VM: Java HotSpot(TM) 64-Bit Server VM (25.66-b18 mixed mode windows-amd64 compressed oops)
Heap:
 PSYoungGen      total 234496K, used 119964K [0x00000000d5e00000, 0x00000000e5300000, 0x0000000100000000)
  eden space 227840K, 52% used [0x00000000d5e00000,0x00000000dd327238,0x00000000e3c80000)
  from space 6656K, 0% used [0x00000000e4300000,0x00000000e4300000,0x00000000e4980000)
  to   space 6656K, 0% used [0x00000000e3c80000,0x00000000e3c80000,0x00000000e4300000)
 ParOldGen       total 132096K, used 35689K [0x0000000081a00000, 0x0000000089b00000, 0x00000000d5e00000)
  object space 132096K, 27% used [0x0000000081a00000,0x0000000083cda770,0x0000000089b00000)
 Metaspace       used 11101K, capacity 11217K, committed 11520K, reserved 1058816K
  class space    used 1139K, capacity 1215K, committed 1280K, reserved 1048576K
GC Heap History (10 events):
Event: 2.981 GC heap before
{Heap before GC invocations=6 (full 1):
 PSYoungGen      total 71680K, used 3176K [0x00000000d5e00000, 0x00000000dec00000, 0x0000000100000000)
  eden space 66560K, 0% used [0x00000000d5e00000,0x00000000d5e00000,0x00000000d9f00000)
  from space 5120K, 62% used [0x00000000d9f00000,0x00000000da21a198,0x00000000da400000)
  to   space 6144K, 0% used [0x00000000de600000,0x00000000de600000,0x00000000dec00000)
 ParOldGen       total 87552K, used 87113K [0x0000000081a00000, 0x0000000086f80000, 0x00000000d5e00000)
  object space 87552K, 99% used [0x0000000081a00000,0x0000000086f12620,0x0000000086f80000)
 Metaspace       used 10444K, capacity 10577K, committed 10624K, reserved 1058816K
  class space    used 1096K, capacity 1151K, committed 1152K, reserved 1048576K
Event: 2.999 GC heap after
Heap after GC invocations=6 (full 1):
 PSYoungGen      total 71680K, used 0K [0x00000000d5e00000, 0x00000000dec00000, 0x0000000100000000)
  eden space 66560K, 0% used [0x00000000d5e00000,0x00000000d5e00000,0x00000000d9f00000)
  from space 5120K, 0% used [0x00000000d9f00000,0x00000000d9f00000,0x00000000da400000)
  to   space 6144K, 0% used [0x00000000de600000,0x00000000de600000,0x00000000dec00000)
 ParOldGen       total 132096K, used 35458K [0x0000000081a00000, 0x0000000089b00000, 0x00000000d5e00000)
  object space 132096K, 26% used [0x0000000081a00000,0x0000000083ca0a20,0x0000000089b00000)
 Metaspace       used 10444K, capacity 10577K, committed 10624K, reserved 1058816K
  class space    used 1096K, capacity 1151K, committed 1152K, reserved 1048576K
}
Event: 3.157 GC heap before
{Heap before GC invocations=7 (full 1):
 PSYoungGen      total 71680K, used 66560K [0x00000000d5e00000, 0x00000000dec00000, 0x0000000100000000)
  eden space 66560K, 100% used [0x00000000d5e00000,0x00000000d9f00000,0x00000000d9f00000)
  from space 5120K, 0% used [0x00000000d9f00000,0x00000000d9f00000,0x00000000da400000)
  to   space 6144K, 0% used [0x00000000de600000,0x00000000de600000,0x00000000dec00000)
 ParOldGen       total 132096K, used 35458K [0x0000000081a00000, 0x0000000089b00000, 0x00000000d5e00000)
  object space 132096K, 26% used [0x0000000081a00000,0x0000000083ca0a20,0x0000000089b00000)
 Metaspace       used 10576K, capacity 10705K, committed 10880K, reserved 1058816K
  class space    used 1105K, capacity 1151K, committed 1152K, reserved 1048576K
Event: 3.162 GC heap after
Heap after GC invocations=7 (full 1):
 PSYoungGen      total 129024K, used 4384K [0x00000000d5e00000, 0x00000000dea80000, 0x0000000100000000)
  eden space 124416K, 0% used [0x00000000d5e00000,0x00000000d5e00000,0x00000000dd780000)
  from space 4608K, 95% used [0x00000000de600000,0x00000000dea48010,0x00000000dea80000)
  to   space 6144K, 0% used [0x00000000dde80000,0x00000000dde80000,0x00000000de480000)
 ParOldGen       total 132096K, used 55946K [0x0000000081a00000, 0x0000000089b00000, 0x00000000d5e00000)
  object space 132096K, 42% used [0x0000000081a00000,0x00000000850a2a70,0x0000000089b00000)
 Metaspace       used 10576K, capacity 10705K, committed 10880K, reserved 1058816K
  class space    used 1105K, capacity 1151K, committed 1152K, reserved 1048576K
}
Event: 5.807 GC heap before
{Heap before GC invocations=8 (full 1):
 PSYoungGen      total 129024K, used 115591K [0x00000000d5e00000, 0x00000000dea80000, 0x0000000100000000)
  eden space 124416K, 89% used [0x00000000d5e00000,0x00000000dca99d18,0x00000000dd780000)
  from space 4608K, 95% used [0x00000000de600000,0x00000000dea48010,0x00000000dea80000)
  to   space 6144K, 0% used [0x00000000dde80000,0x00000000dde80000,0x00000000de480000)
 ParOldGen       total 132096K, used 55946K [0x0000000081a00000, 0x0000000089b00000, 0x00000000d5e00000)
  object space 132096K, 42% used [0x0000000081a00000,0x00000000850a2a70,0x0000000089b00000)
 Metaspace       used 10669K, capacity 10833K, committed 10880K, reserved 1058816K
  class space    used 1110K, capacity 1151K, committed 1152K, reserved 1048576K
Event: 5.811 GC heap after
Heap after GC invocations=8 (full 1):
 PSYoungGen      total 137728K, used 1058K [0x00000000d5e00000, 0x00000000e4980000, 0x0000000100000000)
  eden space 131584K, 0% used [0x00000000d5e00000,0x00000000d5e00000,0x00000000dde80000)
  from space 6144K, 17% used [0x00000000dde80000,0x00000000ddf88b38,0x00000000de480000)
  to   space 6656K, 0% used [0x00000000e4300000,0x00000000e4300000,0x00000000e4980000)
 ParOldGen       total 132096K, used 72338K [0x0000000081a00000, 0x0000000089b00000, 0x00000000d5e00000)
  object space 132096K, 54% used [0x0000000081a00000,0x00000000860a4a80,0x0000000089b00000)
 Metaspace       used 10669K, capacity 10833K, committed 10880K, reserved 1058816K
  class space    used 1110K, capacity 1151K, committed 1152K, reserved 1048576K
}
Event: 6.958 GC heap before
{Heap before GC invocations=9 (full 1):
 PSYoungGen      total 137728K, used 125713K [0x00000000d5e00000, 0x00000000e4980000, 0x0000000100000000)
  eden space 131584K, 94% used [0x00000000d5e00000,0x00000000dd7bb8c8,0x00000000dde80000)
  from space 6144K, 17% used [0x00000000dde80000,0x00000000ddf88b38,0x00000000de480000)
  to   space 6656K, 0% used [0x00000000e4300000,0x00000000e4300000,0x00000000e4980000)
 ParOldGen       total 132096K, used 72338K [0x0000000081a00000, 0x0000000089b00000, 0x00000000d5e00000)
  object space 132096K, 54% used [0x0000000081a00000,0x00000000860a4a80,0x0000000089b00000)
 Metaspace       used 10672K, capacity 10833K, committed 10880K, reserved 1058816K
  class space    used 1110K, capacity 1151K, committed 1152K, reserved 1048576K
Event: 6.969 GC heap after
Heap after GC invocations=9 (full 1):
 PSYoungGen      total 234496K, used 618K [0x00000000d5e00000, 0x00000000e5300000, 0x0000000100000000)
  eden space 227840K, 0% used [0x00000000d5e00000,0x00000000d5e00000,0x00000000e3c80000)
  from space 6656K, 9% used [0x00000000e4300000,0x00000000e439a910,0x00000000e4980000)
  to   space 6656K, 0% used [0x00000000e3c80000,0x00000000e3c80000,0x00000000e4300000)
 ParOldGen       total 132096K, used 105106K [0x0000000081a00000, 0x0000000089b00000, 0x00000000d5e00000)
  object space 132096K, 79% used [0x0000000081a00000,0x00000000880a4a90,0x0000000089b00000)
 Metaspace       used 10672K, capacity 10833K, committed 10880K, reserved 1058816K
  class space    used 1110K, capacity 1151K, committed 1152K, reserved 1048576K
}
Event: 6.969 GC heap before
{Heap before GC invocations=10 (full 2):
 PSYoungGen      total 234496K, used 618K [0x00000000d5e00000, 0x00000000e5300000, 0x0000000100000000)
  eden space 227840K, 0% used [0x00000000d5e00000,0x00000000d5e00000,0x00000000e3c80000)
  from space 6656K, 9% used [0x00000000e4300000,0x00000000e439a910,0x00000000e4980000)
  to   space 6656K, 0% used [0x00000000e3c80000,0x00000000e3c80000,0x00000000e4300000)
 ParOldGen       total 132096K, used 105106K [0x0000000081a00000, 0x0000000089b00000, 0x00000000d5e00000)
  object space 132096K, 79% used [0x0000000081a00000,0x00000000880a4a90,0x0000000089b00000)
 Metaspace       used 10672K, capacity 10833K, committed 10880K, reserved 1058816K
  class space    used 1110K, capacity 1151K, committed 1152K, reserved 1048576K
Event: 6.982 GC heap after
Heap after GC invocations=10 (full 2):
 PSYoungGen      total 234496K, used 0K [0x00000000d5e00000, 0x00000000e5300000, 0x0000000100000000)
  eden space 227840K, 0% used [0x00000000d5e00000,0x00000000d5e00000,0x00000000e3c80000)
  from space 6656K, 0% used [0x00000000e4300000,0x00000000e4300000,0x00000000e4980000)
  to   space 6656K, 0% used [0x00000000e3c80000,0x00000000e3c80000,0x00000000e4300000)
 ParOldGen       total 132096K, used 35689K [0x0000000081a00000, 0x0000000089b00000, 0x00000000d5e00000)
  object space 132096K, 27% used [0x0000000081a00000,0x0000000083cda770,0x0000000089b00000)
 Metaspace       used 10672K, capacity 10833K, committed 10880K, reserved 1058816K
  class space    used 1110K, capacity 1151K, committed 1152K, reserved 1048576K
}

