# JRE version: Java(TM) SE Runtime Environment (8.0_66-b18) (build 1.8.0_66-b18)
# Java VM: Java HotSpot(TM) 64-Bit Server VM (25.66-b18 mixed mode windows-amd64 compressed oops)
Heap:
 PSYoungGen      total 279040K, used 67688K [0x00000000d5e00000, 0x00000000fdd00000, 0x0000000100000000)
  eden space 274944K, 24% used [0x00000000d5e00000,0x00000000d9fda218,0x00000000e6a80000)
  from space 4096K, 6% used [0x00000000fd500000,0x00000000fd540000,0x00000000fd900000)
  to   space 3584K, 0% used [0x00000000fd980000,0x00000000fd980000,0x00000000fdd00000)
 ParOldGen       total 117248K, used 3725K [0x0000000081a00000, 0x0000000088c80000, 0x00000000d5e00000)
  object space 117248K, 3% used [0x0000000081a00000,0x0000000081da3460,0x0000000088c80000)
 Metaspace       used 12471K, capacity 12621K, committed 12800K, reserved 1060864K
  class space    used 1216K, capacity 1279K, committed 1280K, reserved 1048576K
GC Heap History (10 events):
Event: 208.541 GC heap before
{Heap before GC invocations=26 (full 3):
 PSYoungGen      total 343040K, used 342752K [0x00000000d5e00000, 0x00000000fe480000, 0x0000000100000000)
  eden space 342528K, 100% used [0x00000000d5e00000,0x00000000eac80000,0x00000000eac80000)
  from space 512K, 43% used [0x00000000fe400000,0x00000000fe438000,0x00000000fe480000)
  to   space 5120K, 0% used [0x00000000fda80000,0x00000000fda80000,0x00000000fdf80000)
 ParOldGen       total 117248K, used 3725K [0x0000000081a00000, 0x0000000088c80000, 0x00000000d5e00000)
  object space 117248K, 3% used [0x0000000081a00000,0x0000000081da3460,0x0000000088c80000)
 Metaspace       used 12436K, capacity 12557K, committed 12800K, reserved 1060864K
  class space    used 1212K, capacity 1279K, committed 1280K, reserved 1048576K
Event: 208.542 GC heap after
Heap after GC invocations=26 (full 3):
 PSYoungGen      total 332800K, used 256K [0x00000000d5e00000, 0x00000000fe480000, 0x0000000100000000)
  eden space 327680K, 0% used [0x00000000d5e00000,0x00000000d5e00000,0x00000000e9e00000)
  from space 5120K, 5% used [0x00000000fda80000,0x00000000fdac0000,0x00000000fdf80000)
  to   space 4608K, 0% used [0x00000000fe000000,0x00000000fe000000,0x00000000fe480000)
 ParOldGen       total 117248K, used 3725K [0x0000000081a00000, 0x0000000088c80000, 0x00000000d5e00000)
  object space 117248K, 3% used [0x0000000081a00000,0x0000000081da3460,0x0000000088c80000)
 Metaspace       used 12436K, capacity 12557K, committed 12800K, reserved 1060864K
  class space    used 1212K, capacity 1279K, committed 1280K, reserved 1048576K
}
Event: 214.579 GC heap before
{Heap before GC invocations=27 (full 3):
 PSYoungGen      total 332800K, used 327936K [0x00000000d5e00000, 0x00000000fe480000, 0x0000000100000000)
  eden space 327680K, 100% used [0x00000000d5e00000,0x00000000e9e00000,0x00000000e9e00000)
  from space 5120K, 5% used [0x00000000fda80000,0x00000000fdac0000,0x00000000fdf80000)
  to   space 4608K, 0% used [0x00000000fe000000,0x00000000fe000000,0x00000000fe480000)
 ParOldGen       total 117248K, used 3725K [0x0000000081a00000, 0x0000000088c80000, 0x00000000d5e00000)
  object space 117248K, 3% used [0x0000000081a00000,0x0000000081da3460,0x0000000088c80000)
 Metaspace       used 12436K, capacity 12557K, committed 12800K, reserved 1060864K
  class space    used 1212K, capacity 1279K, committed 1280K, reserved 1048576K
Event: 214.579 GC heap after
Heap after GC invocations=27 (full 3):
 PSYoungGen      total 313856K, used 224K [0x00000000d5e00000, 0x00000000fe080000, 0x0000000100000000)
  eden space 313344K, 0% used [0x00000000d5e00000,0x00000000d5e00000,0x00000000e9000000)
  from space 512K, 43% used [0x00000000fe000000,0x00000000fe038000,0x00000000fe080000)
  to   space 4608K, 0% used [0x00000000fd780000,0x00000000fd780000,0x00000000fdc00000)
 ParOldGen       total 117248K, used 3725K [0x0000000081a00000, 0x0000000088c80000, 0x00000000d5e00000)
  object space 117248K, 3% used [0x0000000081a00000,0x0000000081da3460,0x0000000088c80000)
 Metaspace       used 12436K, capacity 12557K, committed 12800K, reserved 1060864K
  class space    used 1212K, capacity 1279K, committed 1280K, reserved 1048576K
}
Event: 220.374 GC heap before
{Heap before GC invocations=28 (full 3):
 PSYoungGen      total 313856K, used 313568K [0x00000000d5e00000, 0x00000000fe080000, 0x0000000100000000)
  eden space 313344K, 100% used [0x00000000d5e00000,0x00000000e9000000,0x00000000e9000000)
  from space 512K, 43% used [0x00000000fe000000,0x00000000fe038000,0x00000000fe080000)
  to   space 4608K, 0% used [0x00000000fd780000,0x00000000fd780000,0x00000000fdc00000)
 ParOldGen       total 117248K, used 3725K [0x0000000081a00000, 0x0000000088c80000, 0x00000000d5e00000)
  object space 117248K, 3% used [0x0000000081a00000,0x0000000081da3460,0x0000000088c80000)
 Metaspace       used 12458K, capacity 12621K, committed 12800K, reserved 1060864K
  class space    used 1214K, capacity 1279K, committed 1280K, reserved 1048576K
Event: 220.375 GC heap after
Heap after GC invocations=28 (full 3):
 PSYoungGen      total 304640K, used 288K [0x00000000d5e00000, 0x00000000fe080000, 0x0000000100000000)
  eden space 300032K, 0% used [0x00000000d5e00000,0x00000000d5e00000,0x00000000e8300000)
  from space 4608K, 6% used [0x00000000fd780000,0x00000000fd7c8000,0x00000000fdc00000)
  to   space 4096K, 0% used [0x00000000fdc80000,0x00000000fdc80000,0x00000000fe080000)
 ParOldGen       total 117248K, used 3725K [0x0000000081a00000, 0x0000000088c80000, 0x00000000d5e00000)
  object space 117248K, 3% used [0x0000000081a00000,0x0000000081da3460,0x0000000088c80000)
 Metaspace       used 12458K, capacity 12621K, committed 12800K, reserved 1060864K
  class space    used 1214K, capacity 1279K, committed 1280K, reserved 1048576K
}
Event: 225.826 GC heap before
{Heap before GC invocations=29 (full 3):
 PSYoungGen      total 304640K, used 300320K [0x00000000d5e00000, 0x00000000fe080000, 0x0000000100000000)
  eden space 300032K, 100% used [0x00000000d5e00000,0x00000000e8300000,0x00000000e8300000)
  from space 4608K, 6% used [0x00000000fd780000,0x00000000fd7c8000,0x00000000fdc00000)
  to   space 4096K, 0% used [0x00000000fdc80000,0x00000000fdc80000,0x00000000fe080000)
 ParOldGen       total 117248K, used 3725K [0x0000000081a00000, 0x0000000088c80000, 0x00000000d5e00000)
  object space 117248K, 3% used [0x0000000081a00000,0x0000000081da3460,0x0000000088c80000)
 Metaspace       used 12460K, capacity 12621K, committed 12800K, reserved 1060864K
  class space    used 1214K, capacity 1279K, committed 1280K, reserved 1048576K
Event: 225.826 GC heap after
Heap after GC invocations=29 (full 3):
 PSYoungGen      total 287744K, used 224K [0x00000000d5e00000, 0x00000000fdd00000, 0x0000000100000000)
  eden space 287232K, 0% used [0x00000000d5e00000,0x00000000d5e00000,0x00000000e7680000)
  from space 512K, 43% used [0x00000000fdc80000,0x00000000fdcb8000,0x00000000fdd00000)
  to   space 4096K, 0% used [0x00000000fd500000,0x00000000fd500000,0x00000000fd900000)
 ParOldGen       total 117248K, used 3725K [0x0000000081a00000, 0x0000000088c80000, 0x00000000d5e00000)
  object space 117248K, 3% used [0x0000000081a00000,0x0000000081da3460,0x0000000088c80000)
 Metaspace       used 12460K, capacity 12621K, committed 12800K, reserved 1060864K
  class space    used 1214K, capacity 1279K, committed 1280K, reserved 1048576K
}
Event: 231.075 GC heap before
{Heap before GC invocations=30 (full 3):
 PSYoungGen      total 287744K, used 287456K [0x00000000d5e00000, 0x00000000fdd00000, 0x0000000100000000)
  eden space 287232K, 100% used [0x00000000d5e00000,0x00000000e7680000,0x00000000e7680000)
  from space 512K, 43% used [0x00000000fdc80000,0x00000000fdcb8000,0x00000000fdd00000)
  to   space 4096K, 0% used [0x00000000fd500000,0x00000000fd500000,0x00000000fd900000)
 ParOldGen       total 117248K, used 3725K [0x0000000081a00000, 0x0000000088c80000, 0x00000000d5e00000)
  object space 117248K, 3% used [0x0000000081a00000,0x0000000081da3460,0x0000000088c80000)
 Metaspace       used 12461K, capacity 12621K, committed 12800K, reserved 1060864K
  class space    used 1214K, capacity 1279K, committed 1280K, reserved 1048576K
Event: 231.076 GC heap after
Heap after GC invocations=30 (full 3):
 PSYoungGen      total 279040K, used 256K [0x00000000d5e00000, 0x00000000fdd00000, 0x0000000100000000)
  eden space 274944K, 0% used [0x00000000d5e00000,0x00000000d5e00000,0x00000000e6a80000)
  from space 4096K, 6% used [0x00000000fd500000,0x00000000fd540000,0x00000000fd900000)
  to   space 3584K, 0% used [0x00000000fd980000,0x00000000fd980000,0x00000000fdd00000)
 ParOldGen       total 117248K, used 3725K [0x0000000081a00000, 0x0000000088c80000, 0x00000000d5e00000)
  object space 117248K, 3% used [0x0000000081a00000,0x0000000081da3460,0x0000000088c80000)
 Metaspace       used 12461K, capacity 12621K, committed 12800K, reserved 1060864K
  class space    used 1214K, capacity 1279K, committed 1280K, reserved 1048576K
}

