# JRE version: Java(TM) SE Runtime Environment (8.0_51-b16) (build 1.8.0_51-b16)
# Java VM: Java HotSpot(TM) 64-Bit Server VM (25.51-b03 mixed mode windows-amd64 compressed oops)
Heap:
 PSYoungGen      total 227840K, used 192076K [0x00000000eb400000, 0x00000000fc100000, 0x0000000100000000)
  eden space 221696K, 86% used [0x00000000eb400000,0x00000000f6f5b0e8,0x00000000f8c80000)
  from space 6144K, 3% used [0x00000000f8c80000,0x00000000f8cb8000,0x00000000f9280000)
  to   space 6144K, 0% used [0x00000000fbb00000,0x00000000fbb00000,0x00000000fc100000)
 ParOldGen       total 210432K, used 68749K [0x00000000c1c00000, 0x00000000ce980000, 0x00000000eb400000)
  object space 210432K, 32% used [0x00000000c1c00000,0x00000000c5f235c8,0x00000000ce980000)
 Metaspace       used 12217K, capacity 12421K, committed 12544K, reserved 1060864K
  class space    used 1190K, capacity 1277K, committed 1280K, reserved 1048576K
GC Heap History (10 events):
Event: 6.745 GC heap before
{Heap before GC invocations=16 (full 5):
 PSYoungGen      total 142336K, used 32K [0x00000000eb400000, 0x00000000f7680000, 0x0000000100000000)
  eden space 135680K, 0% used [0x00000000eb400000,0x00000000eb400000,0x00000000f3880000)
  from space 6656K, 0% used [0x00000000f3880000,0x00000000f3888000,0x00000000f3f00000)
  to   space 6656K, 0% used [0x00000000f7000000,0x00000000f7000000,0x00000000f7680000)
 ParOldGen       total 181248K, used 150197K [0x00000000c1c00000, 0x00000000ccd00000, 0x00000000eb400000)
  object space 181248K, 82% used [0x00000000c1c00000,0x00000000caead680,0x00000000ccd00000)
 Metaspace       used 10536K, capacity 10693K, committed 10880K, reserved 1058816K
  class space    used 1087K, capacity 1149K, committed 1152K, reserved 1048576K
Event: 6.768 GC heap after
Heap after GC invocations=16 (full 5):
 PSYoungGen      total 142336K, used 0K [0x00000000eb400000, 0x00000000f7680000, 0x0000000100000000)
  eden space 135680K, 0% used [0x00000000eb400000,0x00000000eb400000,0x00000000f3880000)
  from space 6656K, 0% used [0x00000000f3880000,0x00000000f3880000,0x00000000f3f00000)
  to   space 6656K, 0% used [0x00000000f7000000,0x00000000f7000000,0x00000000f7680000)
 ParOldGen       total 210432K, used 67957K [0x00000000c1c00000, 0x00000000ce980000, 0x00000000eb400000)
  object space 210432K, 32% used [0x00000000c1c00000,0x00000000c5e5d568,0x00000000ce980000)
 Metaspace       used 10536K, capacity 10693K, committed 10880K, reserved 1058816K
  class space    used 1087K, capacity 1149K, committed 1152K, reserved 1048576K
}
Event: 20.273 GC heap before
{Heap before GC invocations=17 (full 5):
 PSYoungGen      total 142336K, used 135680K [0x00000000eb400000, 0x00000000f7680000, 0x0000000100000000)
  eden space 135680K, 100% used [0x00000000eb400000,0x00000000f3880000,0x00000000f3880000)
  from space 6656K, 0% used [0x00000000f3880000,0x00000000f3880000,0x00000000f3f00000)
  to   space 6656K, 0% used [0x00000000f7000000,0x00000000f7000000,0x00000000f7680000)
 ParOldGen       total 210432K, used 67957K [0x00000000c1c00000, 0x00000000ce980000, 0x00000000eb400000)
  object space 210432K, 32% used [0x00000000c1c00000,0x00000000c5e5d568,0x00000000ce980000)
 Metaspace       used 11829K, capacity 12005K, committed 12288K, reserved 1060864K
  class space    used 1173K, capacity 1245K, committed 1280K, reserved 1048576K
Event: 20.276 GC heap after
Heap after GC invocations=17 (full 5):
 PSYoungGen      total 179200K, used 1024K [0x00000000eb400000, 0x00000000f7180000, 0x0000000100000000)
  eden space 177664K, 0% used [0x00000000eb400000,0x00000000eb400000,0x00000000f6180000)
  from space 1536K, 66% used [0x00000000f7000000,0x00000000f7100060,0x00000000f7180000)
  to   space 6656K, 0% used [0x00000000f6480000,0x00000000f6480000,0x00000000f6b00000)
 ParOldGen       total 210432K, used 67965K [0x00000000c1c00000, 0x00000000ce980000, 0x00000000eb400000)
  object space 210432K, 32% used [0x00000000c1c00000,0x00000000c5e5f568,0x00000000ce980000)
 Metaspace       used 11829K, capacity 12005K, committed 12288K, reserved 1060864K
  class space    used 1173K, capacity 1245K, committed 1280K, reserved 1048576K
}
Event: 36.009 GC heap before
{Heap before GC invocations=18 (full 5):
 PSYoungGen      total 179200K, used 178688K [0x00000000eb400000, 0x00000000f7180000, 0x0000000100000000)
  eden space 177664K, 100% used [0x00000000eb400000,0x00000000f6180000,0x00000000f6180000)
  from space 1536K, 66% used [0x00000000f7000000,0x00000000f7100060,0x00000000f7180000)
  to   space 6656K, 0% used [0x00000000f6480000,0x00000000f6480000,0x00000000f6b00000)
 ParOldGen       total 210432K, used 67965K [0x00000000c1c00000, 0x00000000ce980000, 0x00000000eb400000)
  object space 210432K, 32% used [0x00000000c1c00000,0x00000000c5e5f568,0x00000000ce980000)
 Metaspace       used 12043K, capacity 12229K, committed 12288K, reserved 1060864K
  class space    used 1189K, capacity 1277K, committed 1280K, reserved 1048576K
Event: 36.014 GC heap after
Heap after GC invocations=18 (full 5):
 PSYoungGen      total 187392K, used 224K [0x00000000eb400000, 0x00000000f9d00000, 0x0000000100000000)
  eden space 180736K, 0% used [0x00000000eb400000,0x00000000eb400000,0x00000000f6480000)
  from space 6656K, 3% used [0x00000000f6480000,0x00000000f64b8000,0x00000000f6b00000)
  to   space 6656K, 0% used [0x00000000f9680000,0x00000000f9680000,0x00000000f9d00000)
 ParOldGen       total 210432K, used 68733K [0x00000000c1c00000, 0x00000000ce980000, 0x00000000eb400000)
  object space 210432K, 32% used [0x00000000c1c00000,0x00000000c5f1f5c8,0x00000000ce980000)
 Metaspace       used 12043K, capacity 12229K, committed 12288K, reserved 1060864K
  class space    used 1189K, capacity 1277K, committed 1280K, reserved 1048576K
}
Event: 42.567 GC heap before
{Heap before GC invocations=19 (full 5):
 PSYoungGen      total 187392K, used 180960K [0x00000000eb400000, 0x00000000f9d00000, 0x0000000100000000)
  eden space 180736K, 100% used [0x00000000eb400000,0x00000000f6480000,0x00000000f6480000)
  from space 6656K, 3% used [0x00000000f6480000,0x00000000f64b8000,0x00000000f6b00000)
  to   space 6656K, 0% used [0x00000000f9680000,0x00000000f9680000,0x00000000f9d00000)
 ParOldGen       total 210432K, used 68733K [0x00000000c1c00000, 0x00000000ce980000, 0x00000000eb400000)
  object space 210432K, 32% used [0x00000000c1c00000,0x00000000c5f1f5c8,0x00000000ce980000)
 Metaspace       used 12203K, capacity 12421K, committed 12544K, reserved 1060864K
  class space    used 1189K, capacity 1277K, committed 1280K, reserved 1048576K
Event: 42.570 GC heap after
Heap after GC invocations=19 (full 5):
 PSYoungGen      total 223744K, used 160K [0x00000000eb400000, 0x00000000f9880000, 0x0000000100000000)
  eden space 221696K, 0% used [0x00000000eb400000,0x00000000eb400000,0x00000000f8c80000)
  from space 2048K, 7% used [0x00000000f9680000,0x00000000f96a8000,0x00000000f9880000)
  to   space 6144K, 0% used [0x00000000f8c80000,0x00000000f8c80000,0x00000000f9280000)
 ParOldGen       total 210432K, used 68741K [0x00000000c1c00000, 0x00000000ce980000, 0x00000000eb400000)
  object space 210432K, 32% used [0x00000000c1c00000,0x00000000c5f215c8,0x00000000ce980000)
 Metaspace       used 12203K, capacity 12421K, committed 12544K, reserved 1060864K
  class space    used 1189K, capacity 1277K, committed 1280K, reserved 1048576K
}
Event: 50.683 GC heap before
{Heap before GC invocations=20 (full 5):
 PSYoungGen      total 223744K, used 221856K [0x00000000eb400000, 0x00000000f9880000, 0x0000000100000000)
  eden space 221696K, 100% used [0x00000000eb400000,0x00000000f8c80000,0x00000000f8c80000)
  from space 2048K, 7% used [0x00000000f9680000,0x00000000f96a8000,0x00000000f9880000)
  to   space 6144K, 0% used [0x00000000f8c80000,0x00000000f8c80000,0x00000000f9280000)
 ParOldGen       total 210432K, used 68741K [0x00000000c1c00000, 0x00000000ce980000, 0x00000000eb400000)
  object space 210432K, 32% used [0x00000000c1c00000,0x00000000c5f215c8,0x00000000ce980000)
 Metaspace       used 12216K, capacity 12421K, committed 12544K, reserved 1060864K
  class space    used 1190K, capacity 1277K, committed 1280K, reserved 1048576K
Event: 50.686 GC heap after
Heap after GC invocations=20 (full 5):
 PSYoungGen      total 227840K, used 224K [0x00000000eb400000, 0x00000000fc100000, 0x0000000100000000)
  eden space 221696K, 0% used [0x00000000eb400000,0x00000000eb400000,0x00000000f8c80000)
  from space 6144K, 3% used [0x00000000f8c80000,0x00000000f8cb8000,0x00000000f9280000)
  to   space 6144K, 0% used [0x00000000fbb00000,0x00000000fbb00000,0x00000000fc100000)
 ParOldGen       total 210432K, used 68749K [0x00000000c1c00000, 0x00000000ce980000, 0x00000000eb400000)
  object space 210432K, 32% used [0x00000000c1c00000,0x00000000c5f235c8,0x00000000ce980000)
 Metaspace       used 12216K, capacity 12421K, committed 12544K, reserved 1060864K
  class space    used 1190K, capacity 1277K, committed 1280K, reserved 1048576K
}

