# JRE version: Java(TM) SE Runtime Environment (8.0_66-b18) (build 1.8.0_66-b18)
# Java VM: Java HotSpot(TM) 64-Bit Server VM (25.66-b18 mixed mode windows-amd64 compressed oops)
Heap:
 PSYoungGen      total 120320K, used 56355K [0x00000000d5e00000, 0x00000000df080000, 0x0000000100000000)
  eden space 113152K, 49% used [0x00000000d5e00000,0x00000000d9508f00,0x00000000dcc80000)
  from space 7168K, 0% used [0x00000000dcc80000,0x00000000dcc80000,0x00000000dd380000)
  to   space 7168K, 0% used [0x00000000de980000,0x00000000de980000,0x00000000df080000)
 ParOldGen       total 182784K, used 68135K [0x0000000081a00000, 0x000000008cc80000, 0x00000000d5e00000)
  object space 182784K, 37% used [0x0000000081a00000,0x0000000085c89f00,0x000000008cc80000)
 Metaspace       used 11318K, capacity 11529K, committed 11776K, reserved 1060864K
  class space    used 1141K, capacity 1215K, committed 1280K, reserved 1048576K
GC Heap History (10 events):
Event: 3.041 GC heap before
{Heap before GC invocations=8 (full 1):
 PSYoungGen      total 68096K, used 63744K [0x00000000d5e00000, 0x00000000daa00000, 0x0000000100000000)
  eden space 63488K, 100% used [0x00000000d5e00000,0x00000000d9c00000,0x00000000d9c00000)
  from space 4608K, 5% used [0x00000000da580000,0x00000000da5c0000,0x00000000daa00000)
  to   space 7168K, 0% used [0x00000000d9c00000,0x00000000d9c00000,0x00000000da300000)
 ParOldGen       total 117760K, used 57962K [0x0000000081a00000, 0x0000000088d00000, 0x00000000d5e00000)
  object space 117760K, 49% used [0x0000000081a00000,0x000000008529a930,0x0000000088d00000)
 Metaspace       used 10566K, capacity 10697K, committed 10880K, reserved 1058816K
  class space    used 1104K, capacity 1151K, committed 1152K, reserved 1048576K
Event: 3.044 GC heap after
Heap after GC invocations=8 (full 1):
 PSYoungGen      total 70656K, used 4352K [0x00000000d5e00000, 0x00000000de100000, 0x0000000100000000)
  eden space 63488K, 0% used [0x00000000d5e00000,0x00000000d5e00000,0x00000000d9c00000)
  from space 7168K, 60% used [0x00000000d9c00000,0x00000000da040010,0x00000000da300000)
  to   space 7168K, 0% used [0x00000000dda00000,0x00000000dda00000,0x00000000de100000)
 ParOldGen       total 117760K, used 78450K [0x0000000081a00000, 0x0000000088d00000, 0x00000000d5e00000)
  object space 117760K, 66% used [0x0000000081a00000,0x000000008669c980,0x0000000088d00000)
 Metaspace       used 10566K, capacity 10697K, committed 10880K, reserved 1058816K
  class space    used 1104K, capacity 1151K, committed 1152K, reserved 1048576K
}
Event: 3.044 GC heap before
{Heap before GC invocations=9 (full 2):
 PSYoungGen      total 70656K, used 4352K [0x00000000d5e00000, 0x00000000de100000, 0x0000000100000000)
  eden space 63488K, 0% used [0x00000000d5e00000,0x00000000d5e00000,0x00000000d9c00000)
  from space 7168K, 60% used [0x00000000d9c00000,0x00000000da040010,0x00000000da300000)
  to   space 7168K, 0% used [0x00000000dda00000,0x00000000dda00000,0x00000000de100000)
 ParOldGen       total 117760K, used 78450K [0x0000000081a00000, 0x0000000088d00000, 0x00000000d5e00000)
  object space 117760K, 66% used [0x0000000081a00000,0x000000008669c980,0x0000000088d00000)
 Metaspace       used 10566K, capacity 10697K, committed 10880K, reserved 1058816K
  class space    used 1104K, capacity 1151K, committed 1152K, reserved 1048576K
Event: 3.056 GC heap after
Heap after GC invocations=9 (full 2):
 PSYoungGen      total 70656K, used 0K [0x00000000d5e00000, 0x00000000de100000, 0x0000000100000000)
  eden space 63488K, 0% used [0x00000000d5e00000,0x00000000d5e00000,0x00000000d9c00000)
  from space 7168K, 0% used [0x00000000d9c00000,0x00000000d9c00000,0x00000000da300000)
  to   space 7168K, 0% used [0x00000000dda00000,0x00000000dda00000,0x00000000de100000)
 ParOldGen       total 111104K, used 10754K [0x0000000081a00000, 0x0000000088680000, 0x00000000d5e00000)
  object space 111104K, 9% used [0x0000000081a00000,0x0000000082480be0,0x0000000088680000)
 Metaspace       used 10566K, capacity 10697K, committed 10880K, reserved 1058816K
  class space    used 1104K, capacity 1151K, committed 1152K, reserved 1048576K
}
Event: 3.539 GC heap before
{Heap before GC invocations=10 (full 2):
 PSYoungGen      total 70656K, used 63304K [0x00000000d5e00000, 0x00000000de100000, 0x0000000100000000)
  eden space 63488K, 99% used [0x00000000d5e00000,0x00000000d9bd22f8,0x00000000d9c00000)
  from space 7168K, 0% used [0x00000000d9c00000,0x00000000d9c00000,0x00000000da300000)
  to   space 7168K, 0% used [0x00000000dda00000,0x00000000dda00000,0x00000000de100000)
 ParOldGen       total 111104K, used 10754K [0x0000000081a00000, 0x0000000088680000, 0x00000000d5e00000)
  object space 111104K, 9% used [0x0000000081a00000,0x0000000082480be0,0x0000000088680000)
 Metaspace       used 10647K, capacity 10825K, committed 10880K, reserved 1058816K
  class space    used 1108K, capacity 1151K, committed 1152K, reserved 1048576K
Event: 3.540 GC heap after
Heap after GC invocations=10 (full 2):
 PSYoungGen      total 102400K, used 224K [0x00000000d5e00000, 0x00000000dda80000, 0x0000000100000000)
  eden space 101888K, 0% used [0x00000000d5e00000,0x00000000d5e00000,0x00000000dc180000)
  from space 512K, 43% used [0x00000000dda00000,0x00000000dda38000,0x00000000dda80000)
  to   space 7168K, 0% used [0x00000000dcc80000,0x00000000dcc80000,0x00000000dd380000)
 ParOldGen       total 111104K, used 10762K [0x0000000081a00000, 0x0000000088680000, 0x00000000d5e00000)
  object space 111104K, 9% used [0x0000000081a00000,0x0000000082482be0,0x0000000088680000)
 Metaspace       used 10647K, capacity 10825K, committed 10880K, reserved 1058816K
  class space    used 1108K, capacity 1151K, committed 1152K, reserved 1048576K
}
Event: 6.062 GC heap before
{Heap before GC invocations=11 (full 2):
 PSYoungGen      total 102400K, used 84184K [0x00000000d5e00000, 0x00000000dda80000, 0x0000000100000000)
  eden space 101888K, 82% used [0x00000000d5e00000,0x00000000daffe358,0x00000000dc180000)
  from space 512K, 43% used [0x00000000dda00000,0x00000000dda38000,0x00000000dda80000)
  to   space 7168K, 0% used [0x00000000dcc80000,0x00000000dcc80000,0x00000000dd380000)
 ParOldGen       total 111104K, used 10762K [0x0000000081a00000, 0x0000000088680000, 0x00000000d5e00000)
  object space 111104K, 9% used [0x0000000081a00000,0x0000000082482be0,0x0000000088680000)
 Metaspace       used 10659K, capacity 10825K, committed 10880K, reserved 1058816K
  class space    used 1109K, capacity 1151K, committed 1152K, reserved 1048576K
Event: 6.071 GC heap after
Heap after GC invocations=11 (full 2):
 PSYoungGen      total 120320K, used 288K [0x00000000d5e00000, 0x00000000df080000, 0x0000000100000000)
  eden space 113152K, 0% used [0x00000000d5e00000,0x00000000d5e00000,0x00000000dcc80000)
  from space 7168K, 4% used [0x00000000dcc80000,0x00000000dccc8000,0x00000000dd380000)
  to   space 7168K, 0% used [0x00000000de980000,0x00000000de980000,0x00000000df080000)
 ParOldGen       total 111104K, used 43538K [0x0000000081a00000, 0x0000000088680000, 0x00000000d5e00000)
  object space 111104K, 39% used [0x0000000081a00000,0x0000000084484bf0,0x0000000088680000)
 Metaspace       used 10659K, capacity 10825K, committed 10880K, reserved 1058816K
  class space    used 1109K, capacity 1151K, committed 1152K, reserved 1048576K
}
Event: 7.219 GC heap before
{Heap before GC invocations=12 (full 3):
 PSYoungGen      total 120320K, used 91827K [0x00000000d5e00000, 0x00000000df080000, 0x0000000100000000)
  eden space 113152K, 80% used [0x00000000d5e00000,0x00000000db764e38,0x00000000dcc80000)
  from space 7168K, 4% used [0x00000000dcc80000,0x00000000dccc8000,0x00000000dd380000)
  to   space 7168K, 0% used [0x00000000de980000,0x00000000de980000,0x00000000df080000)
 ParOldGen       total 111104K, used 109075K [0x0000000081a00000, 0x0000000088680000, 0x00000000d5e00000)
  object space 111104K, 98% used [0x0000000081a00000,0x0000000088484c00,0x0000000088680000)
 Metaspace       used 10659K, capacity 10825K, committed 10880K, reserved 1058816K
  class space    used 1109K, capacity 1151K, committed 1152K, reserved 1048576K
Event: 7.249 GC heap after
Heap after GC invocations=12 (full 3):
 PSYoungGen      total 120320K, used 0K [0x00000000d5e00000, 0x00000000df080000, 0x0000000100000000)
  eden space 113152K, 0% used [0x00000000d5e00000,0x00000000d5e00000,0x00000000dcc80000)
  from space 7168K, 0% used [0x00000000dcc80000,0x00000000dcc80000,0x00000000dd380000)
  to   space 7168K, 0% used [0x00000000de980000,0x00000000de980000,0x00000000df080000)
 ParOldGen       total 182784K, used 68135K [0x0000000081a00000, 0x000000008cc80000, 0x00000000d5e00000)
  object space 182784K, 37% used [0x0000000081a00000,0x0000000085c89f00,0x000000008cc80000)
 Metaspace       used 10659K, capacity 10825K, committed 10880K, reserved 1058816K
  class space    used 1109K, capacity 1151K, committed 1152K, reserved 1048576K
}

