# JRE version: Java(TM) SE Runtime Environment (8.0_66-b18) (build 1.8.0_66-b18)
# Java VM: Java HotSpot(TM) 64-Bit Server VM (25.66-b18 mixed mode windows-amd64 compressed oops)
Heap:
 PSYoungGen      total 251392K, used 202247K [0x00000000d5e00000, 0x00000000e5d00000, 0x0000000100000000)
  eden space 244736K, 82% used [0x00000000d5e00000,0x00000000e2381dd0,0x00000000e4d00000)
  from space 6656K, 0% used [0x00000000e5380000,0x00000000e5380000,0x00000000e5a00000)
  to   space 6656K, 0% used [0x00000000e4d00000,0x00000000e4d00000,0x00000000e5380000)
 ParOldGen       total 127488K, used 35687K [0x0000000081a00000, 0x0000000089680000, 0x00000000d5e00000)
  object space 127488K, 27% used [0x0000000081a00000,0x0000000083cd9fc0,0x0000000089680000)
 Metaspace       used 12027K, capacity 12241K, committed 12288K, reserved 1060864K
  class space    used 1195K, capacity 1279K, committed 1280K, reserved 1048576K
GC Heap History (10 events):
Event: 2.913 GC heap before
{Heap before GC invocations=6 (full 1):
 PSYoungGen      total 71680K, used 3208K [0x00000000d5e00000, 0x00000000dec00000, 0x0000000100000000)
  eden space 66560K, 0% used [0x00000000d5e00000,0x00000000d5e00000,0x00000000d9f00000)
  from space 5120K, 62% used [0x00000000d9f00000,0x00000000da222178,0x00000000da400000)
  to   space 6144K, 0% used [0x00000000de600000,0x00000000de600000,0x00000000dec00000)
 ParOldGen       total 87552K, used 87110K [0x0000000081a00000, 0x0000000086f80000, 0x00000000d5e00000)
  object space 87552K, 99% used [0x0000000081a00000,0x0000000086f11b78,0x0000000086f80000)
 Metaspace       used 10444K, capacity 10577K, committed 10624K, reserved 1058816K
  class space    used 1096K, capacity 1151K, committed 1152K, reserved 1048576K
Event: 2.931 GC heap after
Heap after GC invocations=6 (full 1):
 PSYoungGen      total 71680K, used 0K [0x00000000d5e00000, 0x00000000dec00000, 0x0000000100000000)
  eden space 66560K, 0% used [0x00000000d5e00000,0x00000000d5e00000,0x00000000d9f00000)
  from space 5120K, 0% used [0x00000000d9f00000,0x00000000d9f00000,0x00000000da400000)
  to   space 6144K, 0% used [0x00000000de600000,0x00000000de600000,0x00000000dec00000)
 ParOldGen       total 130560K, used 35456K [0x0000000081a00000, 0x0000000089980000, 0x00000000d5e00000)
  object space 130560K, 27% used [0x0000000081a00000,0x0000000083ca01c8,0x0000000089980000)
 Metaspace       used 10444K, capacity 10577K, committed 10624K, reserved 1058816K
  class space    used 1096K, capacity 1151K, committed 1152K, reserved 1048576K
}
Event: 3.081 GC heap before
{Heap before GC invocations=7 (full 1):
 PSYoungGen      total 71680K, used 66560K [0x00000000d5e00000, 0x00000000dec00000, 0x0000000100000000)
  eden space 66560K, 100% used [0x00000000d5e00000,0x00000000d9f00000,0x00000000d9f00000)
  from space 5120K, 0% used [0x00000000d9f00000,0x00000000d9f00000,0x00000000da400000)
  to   space 6144K, 0% used [0x00000000de600000,0x00000000de600000,0x00000000dec00000)
 ParOldGen       total 130560K, used 35456K [0x0000000081a00000, 0x0000000089980000, 0x00000000d5e00000)
  object space 130560K, 27% used [0x0000000081a00000,0x0000000083ca01c8,0x0000000089980000)
 Metaspace       used 10582K, capacity 10705K, committed 10880K, reserved 1058816K
  class space    used 1105K, capacity 1151K, committed 1152K, reserved 1048576K
Event: 3.086 GC heap after
Heap after GC invocations=7 (full 1):
 PSYoungGen      total 133120K, used 4384K [0x00000000d5e00000, 0x00000000dea80000, 0x0000000100000000)
  eden space 128512K, 0% used [0x00000000d5e00000,0x00000000d5e00000,0x00000000ddb80000)
  from space 4608K, 95% used [0x00000000de600000,0x00000000dea48010,0x00000000dea80000)
  to   space 6144K, 0% used [0x00000000dde80000,0x00000000dde80000,0x00000000de480000)
 ParOldGen       total 130560K, used 55944K [0x0000000081a00000, 0x0000000089980000, 0x00000000d5e00000)
  object space 130560K, 42% used [0x0000000081a00000,0x00000000850a2218,0x0000000089980000)
 Metaspace       used 10582K, capacity 10705K, committed 10880K, reserved 1058816K
  class space    used 1105K, capacity 1151K, committed 1152K, reserved 1048576K
}
Event: 5.299 GC heap before
{Heap before GC invocations=8 (full 1):
 PSYoungGen      total 133120K, used 115904K [0x00000000d5e00000, 0x00000000dea80000, 0x0000000100000000)
  eden space 128512K, 86% used [0x00000000d5e00000,0x00000000dcae82f8,0x00000000ddb80000)
  from space 4608K, 95% used [0x00000000de600000,0x00000000dea48010,0x00000000dea80000)
  to   space 6144K, 0% used [0x00000000dde80000,0x00000000dde80000,0x00000000de480000)
 ParOldGen       total 130560K, used 55944K [0x0000000081a00000, 0x0000000089980000, 0x00000000d5e00000)
  object space 130560K, 42% used [0x0000000081a00000,0x00000000850a2218,0x0000000089980000)
 Metaspace       used 10671K, capacity 10833K, committed 10880K, reserved 1058816K
  class space    used 1110K, capacity 1151K, committed 1152K, reserved 1048576K
Event: 5.303 GC heap after
Heap after GC invocations=8 (full 1):
 PSYoungGen      total 137728K, used 1033K [0x00000000d5e00000, 0x00000000e5a00000, 0x0000000100000000)
  eden space 131584K, 0% used [0x00000000d5e00000,0x00000000d5e00000,0x00000000dde80000)
  from space 6144K, 16% used [0x00000000dde80000,0x00000000ddf82480,0x00000000de480000)
  to   space 6656K, 0% used [0x00000000e5380000,0x00000000e5380000,0x00000000e5a00000)
 ParOldGen       total 130560K, used 72336K [0x0000000081a00000, 0x0000000089980000, 0x00000000d5e00000)
  object space 130560K, 55% used [0x0000000081a00000,0x00000000860a4228,0x0000000089980000)
 Metaspace       used 10671K, capacity 10833K, committed 10880K, reserved 1058816K
  class space    used 1110K, capacity 1151K, committed 1152K, reserved 1048576K
}
Event: 6.535 GC heap before
{Heap before GC invocations=9 (full 1):
 PSYoungGen      total 137728K, used 125685K [0x00000000d5e00000, 0x00000000e5a00000, 0x0000000100000000)
  eden space 131584K, 94% used [0x00000000d5e00000,0x00000000dd7bb378,0x00000000dde80000)
  from space 6144K, 16% used [0x00000000dde80000,0x00000000ddf82480,0x00000000de480000)
  to   space 6656K, 0% used [0x00000000e5380000,0x00000000e5380000,0x00000000e5a00000)
 ParOldGen       total 130560K, used 72336K [0x0000000081a00000, 0x0000000089980000, 0x00000000d5e00000)
  object space 130560K, 55% used [0x0000000081a00000,0x00000000860a4228,0x0000000089980000)
 Metaspace       used 10674K, capacity 10833K, committed 10880K, reserved 1058816K
  class space    used 1110K, capacity 1151K, committed 1152K, reserved 1048576K
Event: 6.550 GC heap after
Heap after GC invocations=9 (full 1):
 PSYoungGen      total 251392K, used 587K [0x00000000d5e00000, 0x00000000e5d00000, 0x0000000100000000)
  eden space 244736K, 0% used [0x00000000d5e00000,0x00000000d5e00000,0x00000000e4d00000)
  from space 6656K, 8% used [0x00000000e5380000,0x00000000e5412c58,0x00000000e5a00000)
  to   space 6656K, 0% used [0x00000000e4d00000,0x00000000e4d00000,0x00000000e5380000)
 ParOldGen       total 130560K, used 105104K [0x0000000081a00000, 0x0000000089980000, 0x00000000d5e00000)
  object space 130560K, 80% used [0x0000000081a00000,0x00000000880a4238,0x0000000089980000)
 Metaspace       used 10674K, capacity 10833K, committed 10880K, reserved 1058816K
  class space    used 1110K, capacity 1151K, committed 1152K, reserved 1048576K
}
Event: 6.550 GC heap before
{Heap before GC invocations=10 (full 2):
 PSYoungGen      total 251392K, used 587K [0x00000000d5e00000, 0x00000000e5d00000, 0x0000000100000000)
  eden space 244736K, 0% used [0x00000000d5e00000,0x00000000d5e00000,0x00000000e4d00000)
  from space 6656K, 8% used [0x00000000e5380000,0x00000000e5412c58,0x00000000e5a00000)
  to   space 6656K, 0% used [0x00000000e4d00000,0x00000000e4d00000,0x00000000e5380000)
 ParOldGen       total 130560K, used 105104K [0x0000000081a00000, 0x0000000089980000, 0x00000000d5e00000)
  object space 130560K, 80% used [0x0000000081a00000,0x00000000880a4238,0x0000000089980000)
 Metaspace       used 10674K, capacity 10833K, committed 10880K, reserved 1058816K
  class space    used 1110K, capacity 1151K, committed 1152K, reserved 1048576K
Event: 6.564 GC heap after
Heap after GC invocations=10 (full 2):
 PSYoungGen      total 251392K, used 0K [0x00000000d5e00000, 0x00000000e5d00000, 0x0000000100000000)
  eden space 244736K, 0% used [0x00000000d5e00000,0x00000000d5e00000,0x00000000e4d00000)
  from space 6656K, 0% used [0x00000000e5380000,0x00000000e5380000,0x00000000e5a00000)
  to   space 6656K, 0% used [0x00000000e4d00000,0x00000000e4d00000,0x00000000e5380000)
 ParOldGen       total 127488K, used 35687K [0x0000000081a00000, 0x0000000089680000, 0x00000000d5e00000)
  object space 127488K, 27% used [0x0000000081a00000,0x0000000083cd9fc0,0x0000000089680000)
 Metaspace       used 10674K, capacity 10833K, committed 10880K, reserved 1058816K
  class space    used 1110K, capacity 1151K, committed 1152K, reserved 1048576K
}

