# JRE version: Java(TM) SE Runtime Environment (8.0_112-b16) (build 1.8.0_112-b16)
# Java VM: Java HotSpot(TM) 64-Bit Server VM (25.112-b16 mixed mode bsd-amd64 compressed oops)
Heap:
 PSYoungGen      total 50176K, used 47776K [0x0000000795580000, 0x000000079a480000, 0x00000007c0000000)
  eden space 49664K, 95% used [0x0000000795580000,0x0000000798408218,0x0000000798600000)
  from space 512K, 25% used [0x000000079a400000,0x000000079a420000,0x000000079a480000)
  to   space 15360K, 0% used [0x0000000798680000,0x0000000798680000,0x0000000799580000)
 ParOldGen       total 398336K, used 347949K [0x0000000740000000, 0x0000000758500000, 0x0000000795580000)
  object space 398336K, 87% used [0x0000000740000000,0x00000007553cb550,0x0000000758500000)
 Metaspace       used 13969K, capacity 14073K, committed 14336K, reserved 1062912K
  class space    used 1442K, capacity 1503K, committed 1536K, reserved 1048576K
GC Heap History (10 events):
Event: 23.090 GC heap before
{Heap before GC invocations=11 (full 1):
 PSYoungGen      total 51712K, used 31392K [0x0000000795580000, 0x000000079a200000, 0x00000007c0000000)
  eden space 31232K, 100% used [0x0000000795580000,0x0000000797400000,0x0000000797400000)
  from space 20480K, 0% used [0x0000000797400000,0x0000000797428000,0x0000000798800000)
  to   space 19456K, 0% used [0x0000000798f00000,0x0000000798f00000,0x000000079a200000)
 ParOldGen       total 398336K, used 347941K [0x0000000740000000, 0x0000000758500000, 0x0000000795580000)
  object space 398336K, 87% used [0x0000000740000000,0x00000007553c9550,0x0000000758500000)
 Metaspace       used 13927K, capacity 14073K, committed 14336K, reserved 1062912K
  class space    used 1441K, capacity 1503K, committed 1536K, reserved 1048576K
Event: 23.097 GC heap after
Heap after GC invocations=11 (full 1):
 PSYoungGen      total 58880K, used 96K [0x0000000795580000, 0x000000079a180000, 0x00000007c0000000)
  eden space 39936K, 0% used [0x0000000795580000,0x0000000795580000,0x0000000797c80000)
  from space 18944K, 0% used [0x0000000798f00000,0x0000000798f18000,0x000000079a180000)
  to   space 18944K, 0% used [0x0000000797c80000,0x0000000797c80000,0x0000000798f00000)
 ParOldGen       total 398336K, used 347941K [0x0000000740000000, 0x0000000758500000, 0x0000000795580000)
  object space 398336K, 87% used [0x0000000740000000,0x00000007553c9550,0x0000000758500000)
 Metaspace       used 13927K, capacity 14073K, committed 14336K, reserved 1062912K
  class space    used 1441K, capacity 1503K, committed 1536K, reserved 1048576K
}
Event: 24.503 GC heap before
{Heap before GC invocations=12 (full 1):
 PSYoungGen      total 58880K, used 40032K [0x0000000795580000, 0x000000079a180000, 0x00000007c0000000)
  eden space 39936K, 100% used [0x0000000795580000,0x0000000797c80000,0x0000000797c80000)
  from space 18944K, 0% used [0x0000000798f00000,0x0000000798f18000,0x000000079a180000)
  to   space 18944K, 0% used [0x0000000797c80000,0x0000000797c80000,0x0000000798f00000)
 ParOldGen       total 398336K, used 347941K [0x0000000740000000, 0x0000000758500000, 0x0000000795580000)
  object space 398336K, 87% used [0x0000000740000000,0x00000007553c9550,0x0000000758500000)
 Metaspace       used 13932K, capacity 14073K, committed 14336K, reserved 1062912K
  class space    used 1441K, capacity 1503K, committed 1536K, reserved 1048576K
Event: 24.511 GC heap after
Heap after GC invocations=12 (full 1):
 PSYoungGen      total 58880K, used 128K [0x0000000795580000, 0x000000079aa80000, 0x00000007c0000000)
  eden space 39936K, 0% used [0x0000000795580000,0x0000000795580000,0x0000000797c80000)
  from space 18944K, 0% used [0x0000000797c80000,0x0000000797ca0000,0x0000000798f00000)
  to   space 17920K, 0% used [0x0000000799900000,0x0000000799900000,0x000000079aa80000)
 ParOldGen       total 398336K, used 347949K [0x0000000740000000, 0x0000000758500000, 0x0000000795580000)
  object space 398336K, 87% used [0x0000000740000000,0x00000007553cb550,0x0000000758500000)
 Metaspace       used 13932K, capacity 14073K, committed 14336K, reserved 1062912K
  class space    used 1441K, capacity 1503K, committed 1536K, reserved 1048576K
}
Event: 25.948 GC heap before
{Heap before GC invocations=13 (full 1):
 PSYoungGen      total 58880K, used 40064K [0x0000000795580000, 0x000000079aa80000, 0x00000007c0000000)
  eden space 39936K, 100% used [0x0000000795580000,0x0000000797c80000,0x0000000797c80000)
  from space 18944K, 0% used [0x0000000797c80000,0x0000000797ca0000,0x0000000798f00000)
  to   space 17920K, 0% used [0x0000000799900000,0x0000000799900000,0x000000079aa80000)
 ParOldGen       total 398336K, used 347949K [0x0000000740000000, 0x0000000758500000, 0x0000000795580000)
  object space 398336K, 87% used [0x0000000740000000,0x00000007553cb550,0x0000000758500000)
 Metaspace       used 13953K, capacity 14073K, committed 14336K, reserved 1062912K
  class space    used 1441K, capacity 1503K, committed 1536K, reserved 1048576K
Event: 25.954 GC heap after
Heap after GC invocations=13 (full 1):
 PSYoungGen      total 67072K, used 128K [0x0000000795580000, 0x000000079a900000, 0x00000007c0000000)
  eden space 50688K, 0% used [0x0000000795580000,0x0000000795580000,0x0000000798700000)
  from space 16384K, 0% used [0x0000000799900000,0x0000000799920000,0x000000079a900000)
  to   space 17408K, 0% used [0x0000000798700000,0x0000000798700000,0x0000000799800000)
 ParOldGen       total 398336K, used 347949K [0x0000000740000000, 0x0000000758500000, 0x0000000795580000)
  object space 398336K, 87% used [0x0000000740000000,0x00000007553cb550,0x0000000758500000)
 Metaspace       used 13953K, capacity 14073K, committed 14336K, reserved 1062912K
  class space    used 1441K, capacity 1503K, committed 1536K, reserved 1048576K
}
Event: 27.787 GC heap before
{Heap before GC invocations=14 (full 1):
 PSYoungGen      total 67072K, used 50816K [0x0000000795580000, 0x000000079a900000, 0x00000007c0000000)
  eden space 50688K, 100% used [0x0000000795580000,0x0000000798700000,0x0000000798700000)
  from space 16384K, 0% used [0x0000000799900000,0x0000000799920000,0x000000079a900000)
  to   space 17408K, 0% used [0x0000000798700000,0x0000000798700000,0x0000000799800000)
 ParOldGen       total 398336K, used 347949K [0x0000000740000000, 0x0000000758500000, 0x0000000795580000)
  object space 398336K, 87% used [0x0000000740000000,0x00000007553cb550,0x0000000758500000)
 Metaspace       used 13960K, capacity 14073K, committed 14336K, reserved 1062912K
  class space    used 1441K, capacity 1503K, committed 1536K, reserved 1048576K
Event: 27.794 GC heap after
Heap after GC invocations=14 (full 1):
 PSYoungGen      total 68096K, used 160K [0x0000000795580000, 0x000000079b400000, 0x00000007c0000000)
  eden space 50688K, 0% used [0x0000000795580000,0x0000000795580000,0x0000000798700000)
  from space 17408K, 0% used [0x0000000798700000,0x0000000798728000,0x0000000799800000)
  to   space 16384K, 0% used [0x000000079a400000,0x000000079a400000,0x000000079b400000)
 ParOldGen       total 398336K, used 347949K [0x0000000740000000, 0x0000000758500000, 0x0000000795580000)
  object space 398336K, 87% used [0x0000000740000000,0x00000007553cb550,0x0000000758500000)
 Metaspace       used 13960K, capacity 14073K, committed 14336K, reserved 1062912K
  class space    used 1441K, capacity 1503K, committed 1536K, reserved 1048576K
}
Event: 29.599 GC heap before
{Heap before GC invocations=15 (full 1):
 PSYoungGen      total 68096K, used 50848K [0x0000000795580000, 0x000000079b400000, 0x00000007c0000000)
  eden space 50688K, 100% used [0x0000000795580000,0x0000000798700000,0x0000000798700000)
  from space 17408K, 0% used [0x0000000798700000,0x0000000798728000,0x0000000799800000)
  to   space 16384K, 0% used [0x000000079a400000,0x000000079a400000,0x000000079b400000)
 ParOldGen       total 398336K, used 347949K [0x0000000740000000, 0x0000000758500000, 0x0000000795580000)
  object space 398336K, 87% used [0x0000000740000000,0x00000007553cb550,0x0000000758500000)
 Metaspace       used 13960K, capacity 14073K, committed 14336K, reserved 1062912K
  class space    used 1441K, capacity 1503K, committed 1536K, reserved 1048576K
Event: 29.606 GC heap after
Heap after GC invocations=15 (full 1):
 PSYoungGen      total 50176K, used 128K [0x0000000795580000, 0x000000079a480000, 0x00000007c0000000)
  eden space 49664K, 0% used [0x0000000795580000,0x0000000795580000,0x0000000798600000)
  from space 512K, 25% used [0x000000079a400000,0x000000079a420000,0x000000079a480000)
  to   space 15360K, 0% used [0x0000000798680000,0x0000000798680000,0x0000000799580000)
 ParOldGen       total 398336K, used 347949K [0x0000000740000000, 0x0000000758500000, 0x0000000795580000)
  object space 398336K, 87% used [0x0000000740000000,0x00000007553cb550,0x0000000758500000)
 Metaspace       used 13960K, capacity 14073K, committed 14336K, reserved 1062912K
  class space    used 1441K, capacity 1503K, committed 1536K, reserved 1048576K
}

