# JRE version: Java(TM) SE Runtime Environment (8.0_66-b18) (build 1.8.0_66-b18)
# Java VM: Java HotSpot(TM) 64-Bit Server VM (25.66-b18 mixed mode windows-amd64 compressed oops)
Heap:
 PSYoungGen      total 374784K, used 177757K [0x00000000d5e00000, 0x00000000ed500000, 0x0000000100000000)
  eden space 368128K, 48% used [0x00000000d5e00000,0x00000000e0b3f508,0x00000000ec580000)
  from space 6656K, 5% used [0x00000000ecc80000,0x00000000eccd8000,0x00000000ed300000)
  to   space 7168K, 0% used [0x00000000ec580000,0x00000000ec580000,0x00000000ecc80000)
 ParOldGen       total 114688K, used 3308K [0x0000000081a00000, 0x0000000088a00000, 0x00000000d5e00000)
  object space 114688K, 2% used [0x0000000081a00000,0x0000000081d3b118,0x0000000088a00000)
 Metaspace       used 12248K, capacity 12433K, committed 12544K, reserved 1060864K
  class space    used 1202K, capacity 1279K, committed 1280K, reserved 1048576K
GC Heap History (10 events):
Event: 6.543 GC heap before
{Heap before GC invocations=9 (full 1):
 PSYoungGen      total 137728K, used 125679K [0x00000000d5e00000, 0x00000000e5800000, 0x0000000100000000)
  eden space 131584K, 94% used [0x00000000d5e00000,0x00000000dd7bb240,0x00000000dde80000)
  from space 6144K, 16% used [0x00000000dde80000,0x00000000ddf80b38,0x00000000de480000)
  to   space 6656K, 0% used [0x00000000e5180000,0x00000000e5180000,0x00000000e5800000)
 ParOldGen       total 134144K, used 72338K [0x0000000081a00000, 0x0000000089d00000, 0x00000000d5e00000)
  object space 134144K, 53% used [0x0000000081a00000,0x00000000860a4830,0x0000000089d00000)
 Metaspace       used 10670K, capacity 10833K, committed 10880K, reserved 1058816K
  class space    used 1110K, capacity 1151K, committed 1152K, reserved 1048576K
Event: 6.555 GC heap after
Heap after GC invocations=9 (full 1):
 PSYoungGen      total 249344K, used 555K [0x00000000d5e00000, 0x00000000e5b80000, 0x0000000100000000)
  eden space 242688K, 0% used [0x00000000d5e00000,0x00000000d5e00000,0x00000000e4b00000)
  from space 6656K, 8% used [0x00000000e5180000,0x00000000e520ac78,0x00000000e5800000)
  to   space 6656K, 0% used [0x00000000e4b00000,0x00000000e4b00000,0x00000000e5180000)
 ParOldGen       total 134144K, used 105106K [0x0000000081a00000, 0x0000000089d00000, 0x00000000d5e00000)
  object space 134144K, 78% used [0x0000000081a00000,0x00000000880a4840,0x0000000089d00000)
 Metaspace       used 10670K, capacity 10833K, committed 10880K, reserved 1058816K
  class space    used 1110K, capacity 1151K, committed 1152K, reserved 1048576K
}
Event: 6.555 GC heap before
{Heap before GC invocations=10 (full 2):
 PSYoungGen      total 249344K, used 555K [0x00000000d5e00000, 0x00000000e5b80000, 0x0000000100000000)
  eden space 242688K, 0% used [0x00000000d5e00000,0x00000000d5e00000,0x00000000e4b00000)
  from space 6656K, 8% used [0x00000000e5180000,0x00000000e520ac78,0x00000000e5800000)
  to   space 6656K, 0% used [0x00000000e4b00000,0x00000000e4b00000,0x00000000e5180000)
 ParOldGen       total 134144K, used 105106K [0x0000000081a00000, 0x0000000089d00000, 0x00000000d5e00000)
  object space 134144K, 78% used [0x0000000081a00000,0x00000000880a4840,0x0000000089d00000)
 Metaspace       used 10670K, capacity 10833K, committed 10880K, reserved 1058816K
  class space    used 1110K, capacity 1151K, committed 1152K, reserved 1048576K
Event: 6.570 GC heap after
Heap after GC invocations=10 (full 2):
 PSYoungGen      total 249344K, used 0K [0x00000000d5e00000, 0x00000000e5b80000, 0x0000000100000000)
  eden space 242688K, 0% used [0x00000000d5e00000,0x00000000d5e00000,0x00000000e4b00000)
  from space 6656K, 0% used [0x00000000e5180000,0x00000000e5180000,0x00000000e5800000)
  to   space 6656K, 0% used [0x00000000e4b00000,0x00000000e4b00000,0x00000000e5180000)
 ParOldGen       total 130048K, used 35648K [0x0000000081a00000, 0x0000000089900000, 0x00000000d5e00000)
  object space 130048K, 27% used [0x0000000081a00000,0x0000000083cd03a0,0x0000000089900000)
 Metaspace       used 10670K, capacity 10833K, committed 10880K, reserved 1058816K
  class space    used 1110K, capacity 1151K, committed 1152K, reserved 1048576K
}
Event: 38.325 GC heap before
{Heap before GC invocations=11 (full 2):
 PSYoungGen      total 249344K, used 242688K [0x00000000d5e00000, 0x00000000e5b80000, 0x0000000100000000)
  eden space 242688K, 100% used [0x00000000d5e00000,0x00000000e4b00000,0x00000000e4b00000)
  from space 6656K, 0% used [0x00000000e5180000,0x00000000e5180000,0x00000000e5800000)
  to   space 6656K, 0% used [0x00000000e4b00000,0x00000000e4b00000,0x00000000e5180000)
 ParOldGen       total 130048K, used 35648K [0x0000000081a00000, 0x0000000089900000, 0x00000000d5e00000)
  object space 130048K, 27% used [0x0000000081a00000,0x0000000083cd03a0,0x0000000089900000)
 Metaspace       used 12081K, capacity 12305K, committed 12544K, reserved 1060864K
  class space    used 1193K, capacity 1279K, committed 1280K, reserved 1048576K
Event: 38.387 GC heap after
Heap after GC invocations=11 (full 2):
 PSYoungGen      total 249344K, used 960K [0x00000000d5e00000, 0x00000000ed300000, 0x0000000100000000)
  eden space 242688K, 0% used [0x00000000d5e00000,0x00000000d5e00000,0x00000000e4b00000)
  from space 6656K, 14% used [0x00000000e4b00000,0x00000000e4bf0060,0x00000000e5180000)
  to   space 6656K, 0% used [0x00000000ecc80000,0x00000000ecc80000,0x00000000ed300000)
 ParOldGen       total 130048K, used 101192K [0x0000000081a00000, 0x0000000089900000, 0x00000000d5e00000)
  object space 130048K, 77% used [0x0000000081a00000,0x0000000087cd23b0,0x0000000089900000)
 Metaspace       used 12081K, capacity 12305K, committed 12544K, reserved 1060864K
  class space    used 1193K, capacity 1279K, committed 1280K, reserved 1048576K
}
Event: 38.387 GC heap before
{Heap before GC invocations=12 (full 3):
 PSYoungGen      total 249344K, used 960K [0x00000000d5e00000, 0x00000000ed300000, 0x0000000100000000)
  eden space 242688K, 0% used [0x00000000d5e00000,0x00000000d5e00000,0x00000000e4b00000)
  from space 6656K, 14% used [0x00000000e4b00000,0x00000000e4bf0060,0x00000000e5180000)
  to   space 6656K, 0% used [0x00000000ecc80000,0x00000000ecc80000,0x00000000ed300000)
 ParOldGen       total 130048K, used 101192K [0x0000000081a00000, 0x0000000089900000, 0x00000000d5e00000)
  object space 130048K, 77% used [0x0000000081a00000,0x0000000087cd23b0,0x0000000089900000)
 Metaspace       used 12081K, capacity 12305K, committed 12544K, reserved 1060864K
  class space    used 1193K, capacity 1279K, committed 1280K, reserved 1048576K
Event: 38.415 GC heap after
Heap after GC invocations=12 (full 3):
 PSYoungGen      total 249344K, used 0K [0x00000000d5e00000, 0x00000000ed300000, 0x0000000100000000)
  eden space 242688K, 0% used [0x00000000d5e00000,0x00000000d5e00000,0x00000000e4b00000)
  from space 6656K, 0% used [0x00000000e4b00000,0x00000000e4b00000,0x00000000e5180000)
  to   space 6656K, 0% used [0x00000000ecc80000,0x00000000ecc80000,0x00000000ed300000)
 ParOldGen       total 114688K, used 3300K [0x0000000081a00000, 0x0000000088a00000, 0x00000000d5e00000)
  object space 114688K, 2% used [0x0000000081a00000,0x0000000081d39118,0x0000000088a00000)
 Metaspace       used 12081K, capacity 12305K, committed 12544K, reserved 1060864K
  class space    used 1193K, capacity 1279K, committed 1280K, reserved 1048576K
}
Event: 59.824 GC heap before
{Heap before GC invocations=13 (full 3):
 PSYoungGen      total 249344K, used 242688K [0x00000000d5e00000, 0x00000000ed300000, 0x0000000100000000)
  eden space 242688K, 100% used [0x00000000d5e00000,0x00000000e4b00000,0x00000000e4b00000)
  from space 6656K, 0% used [0x00000000e4b00000,0x00000000e4b00000,0x00000000e5180000)
  to   space 6656K, 0% used [0x00000000ecc80000,0x00000000ecc80000,0x00000000ed300000)
 ParOldGen       total 114688K, used 3300K [0x0000000081a00000, 0x0000000088a00000, 0x00000000d5e00000)
  object space 114688K, 2% used [0x0000000081a00000,0x0000000081d39118,0x0000000088a00000)
 Metaspace       used 12231K, capacity 12433K, committed 12544K, reserved 1060864K
  class space    used 1199K, capacity 1279K, committed 1280K, reserved 1048576K
Event: 59.827 GC heap after
Heap after GC invocations=13 (full 3):
 PSYoungGen      total 374784K, used 352K [0x00000000d5e00000, 0x00000000ed500000, 0x0000000100000000)
  eden space 368128K, 0% used [0x00000000d5e00000,0x00000000d5e00000,0x00000000ec580000)
  from space 6656K, 5% used [0x00000000ecc80000,0x00000000eccd8000,0x00000000ed300000)
  to   space 7168K, 0% used [0x00000000ec580000,0x00000000ec580000,0x00000000ecc80000)
 ParOldGen       total 114688K, used 3308K [0x0000000081a00000, 0x0000000088a00000, 0x00000000d5e00000)
  object space 114688K, 2% used [0x0000000081a00000,0x0000000081d3b118,0x0000000088a00000)
 Metaspace       used 12231K, capacity 12433K, committed 12544K, reserved 1060864K
  class space    used 1199K, capacity 1279K, committed 1280K, reserved 1048576K
}

