# JRE version: Java(TM) SE Runtime Environment (8.0_60-b27) (build 1.8.0_60-b27)
# Java VM: Java HotSpot(TM) 64-Bit Server VM (25.60-b23 mixed mode windows-amd64 compressed oops)
Heap:
 PSYoungGen      total 103936K, used 43390K [0x00000000d5e00000, 0x00000000dcc80000, 0x0000000100000000)
  eden space 99840K, 42% used [0x00000000d5e00000,0x00000000d87df888,0x00000000dbf80000)
  from space 4096K, 12% used [0x00000000dc880000,0x00000000dc900050,0x00000000dcc80000)
  to   space 6656K, 0% used [0x00000000dbf80000,0x00000000dbf80000,0x00000000dc600000)
 ParOldGen       total 109568K, used 2087K [0x0000000081a00000, 0x0000000088500000, 0x00000000d5e00000)
  object space 109568K, 1% used [0x0000000081a00000,0x0000000081c09ce8,0x0000000088500000)
 Metaspace       used 10494K, capacity 10701K, committed 10880K, reserved 1058816K
  class space    used 1069K, capacity 1151K, committed 1152K, reserved 1048576K
GC Heap History (10 events):
Event: 11.634 GC heap before
{Heap before GC invocations=9 (full 3):
 PSYoungGen      total 63488K, used 58368K [0x00000000d5e00000, 0x00000000dac00000, 0x0000000100000000)
  eden space 58368K, 100% used [0x00000000d5e00000,0x00000000d9700000,0x00000000d9700000)
  from space 5120K, 0% used [0x00000000d9700000,0x00000000d9700000,0x00000000d9c00000)
  to   space 5632K, 0% used [0x00000000da680000,0x00000000da680000,0x00000000dac00000)
 ParOldGen       total 109568K, used 2071K [0x0000000081a00000, 0x0000000088500000, 0x00000000d5e00000)
  object space 109568K, 1% used [0x0000000081a00000,0x0000000081c05ce8,0x0000000088500000)
 Metaspace       used 10194K, capacity 10349K, committed 10624K, reserved 1058816K
  class space    used 1064K, capacity 1119K, committed 1152K, reserved 1048576K
Event: 11.637 GC heap after
Heap after GC invocations=9 (full 3):
 PSYoungGen      total 73216K, used 608K [0x00000000d5e00000, 0x00000000dbd00000, 0x0000000100000000)
  eden space 67584K, 0% used [0x00000000d5e00000,0x00000000d5e00000,0x00000000da000000)
  from space 5632K, 10% used [0x00000000da680000,0x00000000da718050,0x00000000dac00000)
  to   space 6656K, 0% used [0x00000000da000000,0x00000000da000000,0x00000000da680000)
 ParOldGen       total 109568K, used 2079K [0x0000000081a00000, 0x0000000088500000, 0x00000000d5e00000)
  object space 109568K, 1% used [0x0000000081a00000,0x0000000081c07ce8,0x0000000088500000)
 Metaspace       used 10194K, capacity 10349K, committed 10624K, reserved 1058816K
  class space    used 1064K, capacity 1119K, committed 1152K, reserved 1048576K
}
Event: 18.701 GC heap before
{Heap before GC invocations=10 (full 3):
 PSYoungGen      total 73216K, used 68192K [0x00000000d5e00000, 0x00000000dbd00000, 0x0000000100000000)
  eden space 67584K, 100% used [0x00000000d5e00000,0x00000000da000000,0x00000000da000000)
  from space 5632K, 10% used [0x00000000da680000,0x00000000da718050,0x00000000dac00000)
  to   space 6656K, 0% used [0x00000000da000000,0x00000000da000000,0x00000000da680000)
 ParOldGen       total 109568K, used 2079K [0x0000000081a00000, 0x0000000088500000, 0x00000000d5e00000)
  object space 109568K, 1% used [0x0000000081a00000,0x0000000081c07ce8,0x0000000088500000)
 Metaspace       used 10461K, capacity 10637K, committed 10880K, reserved 1058816K
  class space    used 1066K, capacity 1151K, committed 1152K, reserved 1048576K
Event: 18.703 GC heap after
Heap after GC invocations=10 (full 3):
 PSYoungGen      total 74240K, used 576K [0x00000000d5e00000, 0x00000000dc580000, 0x0000000100000000)
  eden space 67584K, 0% used [0x00000000d5e00000,0x00000000d5e00000,0x00000000da000000)
  from space 6656K, 8% used [0x00000000da000000,0x00000000da090050,0x00000000da680000)
  to   space 6656K, 0% used [0x00000000dbf00000,0x00000000dbf00000,0x00000000dc580000)
 ParOldGen       total 109568K, used 2087K [0x0000000081a00000, 0x0000000088500000, 0x00000000d5e00000)
  object space 109568K, 1% used [0x0000000081a00000,0x0000000081c09ce8,0x0000000088500000)
 Metaspace       used 10461K, capacity 10637K, committed 10880K, reserved 1058816K
  class space    used 1066K, capacity 1151K, committed 1152K, reserved 1048576K
}
Event: 25.217 GC heap before
{Heap before GC invocations=11 (full 3):
 PSYoungGen      total 74240K, used 68160K [0x00000000d5e00000, 0x00000000dc580000, 0x0000000100000000)
  eden space 67584K, 100% used [0x00000000d5e00000,0x00000000da000000,0x00000000da000000)
  from space 6656K, 8% used [0x00000000da000000,0x00000000da090050,0x00000000da680000)
  to   space 6656K, 0% used [0x00000000dbf00000,0x00000000dbf00000,0x00000000dc580000)
 ParOldGen       total 109568K, used 2087K [0x0000000081a00000, 0x0000000088500000, 0x00000000d5e00000)
  object space 109568K, 1% used [0x0000000081a00000,0x0000000081c09ce8,0x0000000088500000)
 Metaspace       used 10467K, capacity 10637K, committed 10880K, reserved 1058816K
  class space    used 1066K, capacity 1151K, committed 1152K, reserved 1048576K
Event: 25.219 GC heap after
Heap after GC invocations=11 (full 3):
 PSYoungGen      total 91136K, used 576K [0x00000000d5e00000, 0x00000000dc180000, 0x0000000100000000)
  eden space 88576K, 0% used [0x00000000d5e00000,0x00000000d5e00000,0x00000000db480000)
  from space 2560K, 22% used [0x00000000dbf00000,0x00000000dbf90050,0x00000000dc180000)
  to   space 6656K, 0% used [0x00000000db480000,0x00000000db480000,0x00000000dbb00000)
 ParOldGen       total 109568K, used 2087K [0x0000000081a00000, 0x0000000088500000, 0x00000000d5e00000)
  object space 109568K, 1% used [0x0000000081a00000,0x0000000081c09ce8,0x0000000088500000)
 Metaspace       used 10467K, capacity 10637K, committed 10880K, reserved 1058816K
  class space    used 1066K, capacity 1151K, committed 1152K, reserved 1048576K
}
Event: 34.551 GC heap before
{Heap before GC invocations=12 (full 3):
 PSYoungGen      total 91136K, used 89152K [0x00000000d5e00000, 0x00000000dc180000, 0x0000000100000000)
  eden space 88576K, 100% used [0x00000000d5e00000,0x00000000db480000,0x00000000db480000)
  from space 2560K, 22% used [0x00000000dbf00000,0x00000000dbf90050,0x00000000dc180000)
  to   space 6656K, 0% used [0x00000000db480000,0x00000000db480000,0x00000000dbb00000)
 ParOldGen       total 109568K, used 2087K [0x0000000081a00000, 0x0000000088500000, 0x00000000d5e00000)
  object space 109568K, 1% used [0x0000000081a00000,0x0000000081c09ce8,0x0000000088500000)
 Metaspace       used 10469K, capacity 10701K, committed 10880K, reserved 1058816K
  class space    used 1066K, capacity 1151K, committed 1152K, reserved 1048576K
Event: 34.551 GC heap after
Heap after GC invocations=12 (full 3):
 PSYoungGen      total 95232K, used 576K [0x00000000d5e00000, 0x00000000dcf00000, 0x0000000100000000)
  eden space 88576K, 0% used [0x00000000d5e00000,0x00000000d5e00000,0x00000000db480000)
  from space 6656K, 8% used [0x00000000db480000,0x00000000db510050,0x00000000dbb00000)
  to   space 6656K, 0% used [0x00000000dc880000,0x00000000dc880000,0x00000000dcf00000)
 ParOldGen       total 109568K, used 2087K [0x0000000081a00000, 0x0000000088500000, 0x00000000d5e00000)
  object space 109568K, 1% used [0x0000000081a00000,0x0000000081c09ce8,0x0000000088500000)
 Metaspace       used 10469K, capacity 10701K, committed 10880K, reserved 1058816K
  class space    used 1066K, capacity 1151K, committed 1152K, reserved 1048576K
}
Event: 44.451 GC heap before
{Heap before GC invocations=13 (full 3):
 PSYoungGen      total 95232K, used 89152K [0x00000000d5e00000, 0x00000000dcf00000, 0x0000000100000000)
  eden space 88576K, 100% used [0x00000000d5e00000,0x00000000db480000,0x00000000db480000)
  from space 6656K, 8% used [0x00000000db480000,0x00000000db510050,0x00000000dbb00000)
  to   space 6656K, 0% used [0x00000000dc880000,0x00000000dc880000,0x00000000dcf00000)
 ParOldGen       total 109568K, used 2087K [0x0000000081a00000, 0x0000000088500000, 0x00000000d5e00000)
  object space 109568K, 1% used [0x0000000081a00000,0x0000000081c09ce8,0x0000000088500000)
 Metaspace       used 10471K, capacity 10701K, committed 10880K, reserved 1058816K
  class space    used 1066K, capacity 1151K, committed 1152K, reserved 1048576K
Event: 44.454 GC heap after
Heap after GC invocations=13 (full 3):
 PSYoungGen      total 103936K, used 512K [0x00000000d5e00000, 0x00000000dcc80000, 0x0000000100000000)
  eden space 99840K, 0% used [0x00000000d5e00000,0x00000000d5e00000,0x00000000dbf80000)
  from space 4096K, 12% used [0x00000000dc880000,0x00000000dc900050,0x00000000dcc80000)
  to   space 6656K, 0% used [0x00000000dbf80000,0x00000000dbf80000,0x00000000dc600000)
 ParOldGen       total 109568K, used 2087K [0x0000000081a00000, 0x0000000088500000, 0x00000000d5e00000)
  object space 109568K, 1% used [0x0000000081a00000,0x0000000081c09ce8,0x0000000088500000)
 Metaspace       used 10471K, capacity 10701K, committed 10880K, reserved 1058816K
  class space    used 1066K, capacity 1151K, committed 1152K, reserved 1048576K
}

