# JRE version: Java(TM) SE Runtime Environment (8.0_65-b17) (build 1.8.0_65-b17)
# Java VM: Java HotSpot(TM) Client VM (25.65-b01 mixed mode windows-x86 )
Heap:
 def new generation   total 4928K, used 2673K [0x04600000, 0x04b50000, 0x09b50000)
  eden space 4416K,  52% used [0x04600000, 0x04842e00, 0x04a50000)
  from space 512K,  69% used [0x04ad0000, 0x04b29998, 0x04b50000)
  to   space 512K,   0% used [0x04a50000, 0x04a50000, 0x04ad0000)
 tenured generation   total 10944K, used 2497K [0x09b50000, 0x0a600000, 0x14600000)
   the space 10944K,  22% used [0x09b50000, 0x09dc0678, 0x09dc0800, 0x0a600000)
 Metaspace       used 6245K, capacity 6405K, committed 6528K, reserved 6528K
GC Heap History (6 events):
Event: 0.849 GC heap before
{Heap before GC invocations=0 (full 0):
 def new generation   total 4928K, used 4416K [0x04600000, 0x04b50000, 0x09b50000)
  eden space 4416K, 100% used [0x04600000, 0x04a50000, 0x04a50000)
  from space 512K,   0% used [0x04a50000, 0x04a50000, 0x04ad0000)
  to   space 512K,   0% used [0x04ad0000, 0x04ad0000, 0x04b50000)
 tenured generation   total 10944K, used 0K [0x09b50000, 0x0a600000, 0x14600000)
   the space 10944K,   0% used [0x09b50000, 0x09b50000, 0x09b50200, 0x0a600000)
 Metaspace       used 4261K, capacity 4435K, committed 4480K, reserved 4480K
Event: 0.856 GC heap after
Heap after GC invocations=1 (full 0):
 def new generation   total 4928K, used 512K [0x04600000, 0x04b50000, 0x09b50000)
  eden space 4416K,   0% used [0x04600000, 0x04600000, 0x04a50000)
  from space 512K, 100% used [0x04ad0000, 0x04b50000, 0x04b50000)
  to   space 512K,   0% used [0x04a50000, 0x04a50000, 0x04ad0000)
 tenured generation   total 10944K, used 799K [0x09b50000, 0x0a600000, 0x14600000)
   the space 10944K,   7% used [0x09b50000, 0x09c17e68, 0x09c18000, 0x0a600000)
 Metaspace       used 4261K, capacity 4435K, committed 4480K, reserved 4480K
}
Event: 2.547 GC heap before
{Heap before GC invocations=1 (full 0):
 def new generation   total 4928K, used 4928K [0x04600000, 0x04b50000, 0x09b50000)
  eden space 4416K, 100% used [0x04600000, 0x04a50000, 0x04a50000)
  from space 512K, 100% used [0x04ad0000, 0x04b50000, 0x04b50000)
  to   space 512K,   0% used [0x04a50000, 0x04a50000, 0x04ad0000)
 tenured generation   total 10944K, used 799K [0x09b50000, 0x0a600000, 0x14600000)
   the space 10944K,   7% used [0x09b50000, 0x09c17e68, 0x09c18000, 0x0a600000)
 Metaspace       used 5815K, capacity 5957K, committed 6016K, reserved 6528K
Event: 2.555 GC heap after
Heap after GC invocations=2 (full 0):
 def new generation   total 4928K, used 512K [0x04600000, 0x04b50000, 0x09b50000)
  eden space 4416K,   0% used [0x04600000, 0x04600000, 0x04a50000)
  from space 512K, 100% used [0x04a50000, 0x04ad0000, 0x04ad0000)
  to   space 512K,   0% used [0x04ad0000, 0x04ad0000, 0x04b50000)
 tenured generation   total 10944K, used 2033K [0x09b50000, 0x0a600000, 0x14600000)
   the space 10944K,  18% used [0x09b50000, 0x09d4c570, 0x09d4c600, 0x0a600000)
 Metaspace       used 5815K, capacity 5957K, committed 6016K, reserved 6528K
}
Event: 3.485 GC heap before
{Heap before GC invocations=2 (full 0):
 def new generation   total 4928K, used 4375K [0x04600000, 0x04b50000, 0x09b50000)
  eden space 4416K,  87% used [0x04600000, 0x049c5de0, 0x04a50000)
  from space 512K, 100% used [0x04a50000, 0x04ad0000, 0x04ad0000)
  to   space 512K,   0% used [0x04ad0000, 0x04ad0000, 0x04b50000)
 tenured generation   total 10944K, used 2033K [0x09b50000, 0x0a600000, 0x14600000)
   the space 10944K,  18% used [0x09b50000, 0x09d4c570, 0x09d4c600, 0x0a600000)
 Metaspace       used 6192K, capacity 6373K, committed 6400K, reserved 6528K
Event: 3.490 GC heap after
Heap after GC invocations=3 (full 0):
 def new generation   total 4928K, used 358K [0x04600000, 0x04b50000, 0x09b50000)
  eden space 4416K,   0% used [0x04600000, 0x04600000, 0x04a50000)
  from space 512K,  69% used [0x04ad0000, 0x04b29998, 0x04b50000)
  to   space 512K,   0% used [0x04a50000, 0x04a50000, 0x04ad0000)
 tenured generation   total 10944K, used 2497K [0x09b50000, 0x0a600000, 0x14600000)
   the space 10944K,  22% used [0x09b50000, 0x09dc0678, 0x09dc0800, 0x0a600000)
 Metaspace       used 6192K, capacity 6373K, committed 6400K, reserved 6528K
}

