# JRE version: Java(TM) SE Runtime Environment (8.0_60-b27) (build 1.8.0_60-b27)
# Java VM: Java HotSpot(TM) 64-Bit Server VM (25.60-b23 mixed mode windows-amd64 compressed oops)
Heap:
 PSYoungGen      total 158208K, used 119945K [0x00000000d5e00000, 0x00000000e1800000, 0x0000000100000000)
  eden space 140288K, 85% used [0x00000000d5e00000,0x00000000dd2ca4a0,0x00000000de700000)
  from space 17920K, 1% used [0x00000000e0680000,0x00000000e06d8000,0x00000000e1800000)
  to   space 25088K, 0% used [0x00000000de700000,0x00000000de700000,0x00000000dff80000)
 ParOldGen       total 94208K, used 45664K [0x0000000081a00000, 0x0000000087600000, 0x00000000d5e00000)
  object space 94208K, 48% used [0x0000000081a00000,0x0000000084698038,0x0000000087600000)
 Metaspace       used 10744K, capacity 10893K, committed 11136K, reserved 1058816K
  class space    used 1093K, capacity 1151K, committed 1152K, reserved 1048576K
GC Heap History (10 events):
Event: 7.146 GC heap before
{Heap before GC invocations=6 (full 1):
 PSYoungGen      total 61440K, used 58720K [0x00000000d5e00000, 0x00000000da080000, 0x0000000100000000)
  eden space 57856K, 100% used [0x00000000d5e00000,0x00000000d9680000,0x00000000d9680000)
  from space 3584K, 24% used [0x00000000d9d00000,0x00000000d9dd8070,0x00000000da080000)
  to   space 5120K, 0% used [0x00000000d9680000,0x00000000d9680000,0x00000000d9b80000)
 ParOldGen       total 51712K, used 22251K [0x0000000081a00000, 0x0000000084c80000, 0x00000000d5e00000)
  object space 51712K, 43% used [0x0000000081a00000,0x0000000082fbaf90,0x0000000084c80000)
 Metaspace       used 9994K, capacity 10157K, committed 10368K, reserved 1058816K
  class space    used 1057K, capacity 1119K, committed 1152K, reserved 1048576K
Event: 7.151 GC heap after
Heap after GC invocations=6 (full 1):
 PSYoungGen      total 62976K, used 5088K [0x00000000d5e00000, 0x00000000df980000, 0x0000000100000000)
  eden space 57856K, 0% used [0x00000000d5e00000,0x00000000d5e00000,0x00000000d9680000)
  from space 5120K, 99% used [0x00000000d9680000,0x00000000d9b780c0,0x00000000d9b80000)
  to   space 28160K, 0% used [0x00000000dde00000,0x00000000dde00000,0x00000000df980000)
 ParOldGen       total 55296K, used 53052K [0x0000000081a00000, 0x0000000085000000, 0x00000000d5e00000)
  object space 55296K, 95% used [0x0000000081a00000,0x0000000084dcf030,0x0000000085000000)
 Metaspace       used 9994K, capacity 10157K, committed 10368K, reserved 1058816K
  class space    used 1057K, capacity 1119K, committed 1152K, reserved 1048576K
}
Event: 7.151 GC heap before
{Heap before GC invocations=7 (full 2):
 PSYoungGen      total 62976K, used 5088K [0x00000000d5e00000, 0x00000000df980000, 0x0000000100000000)
  eden space 57856K, 0% used [0x00000000d5e00000,0x00000000d5e00000,0x00000000d9680000)
  from space 5120K, 99% used [0x00000000d9680000,0x00000000d9b780c0,0x00000000d9b80000)
  to   space 28160K, 0% used [0x00000000dde00000,0x00000000dde00000,0x00000000df980000)
 ParOldGen       total 55296K, used 53052K [0x0000000081a00000, 0x0000000085000000, 0x00000000d5e00000)
  object space 55296K, 95% used [0x0000000081a00000,0x0000000084dcf030,0x0000000085000000)
 Metaspace       used 9994K, capacity 10157K, committed 10368K, reserved 1058816K
  class space    used 1057K, capacity 1119K, committed 1152K, reserved 1048576K
Event: 7.164 GC heap after
Heap after GC invocations=7 (full 2):
 PSYoungGen      total 62976K, used 0K [0x00000000d5e00000, 0x00000000df980000, 0x0000000100000000)
  eden space 57856K, 0% used [0x00000000d5e00000,0x00000000d5e00000,0x00000000d9680000)
  from space 5120K, 0% used [0x00000000d9680000,0x00000000d9680000,0x00000000d9b80000)
  to   space 28160K, 0% used [0x00000000dde00000,0x00000000dde00000,0x00000000df980000)
 ParOldGen       total 94208K, used 12880K [0x0000000081a00000, 0x0000000087600000, 0x00000000d5e00000)
  object space 94208K, 13% used [0x0000000081a00000,0x0000000082694028,0x0000000087600000)
 Metaspace       used 9994K, capacity 10157K, committed 10368K, reserved 1058816K
  class space    used 1057K, capacity 1119K, committed 1152K, reserved 1048576K
}
Event: 7.973 GC heap before
{Heap before GC invocations=8 (full 2):
 PSYoungGen      total 62976K, used 55597K [0x00000000d5e00000, 0x00000000df980000, 0x0000000100000000)
  eden space 57856K, 96% used [0x00000000d5e00000,0x00000000d944b500,0x00000000d9680000)
  from space 5120K, 0% used [0x00000000d9680000,0x00000000d9680000,0x00000000d9b80000)
  to   space 28160K, 0% used [0x00000000dde00000,0x00000000dde00000,0x00000000df980000)
 ParOldGen       total 94208K, used 45648K [0x0000000081a00000, 0x0000000087600000, 0x00000000d5e00000)
  object space 94208K, 48% used [0x0000000081a00000,0x0000000084694038,0x0000000087600000)
 Metaspace       used 10012K, capacity 10221K, committed 10368K, reserved 1058816K
  class space    used 1058K, capacity 1119K, committed 1152K, reserved 1048576K
Event: 7.974 GC heap after
Heap after GC invocations=8 (full 2):
 PSYoungGen      total 111616K, used 288K [0x00000000d5e00000, 0x00000000def00000, 0x0000000100000000)
  eden space 94208K, 0% used [0x00000000d5e00000,0x00000000d5e00000,0x00000000dba00000)
  from space 17408K, 1% used [0x00000000dde00000,0x00000000dde48000,0x00000000def00000)
  to   space 27136K, 0% used [0x00000000dba00000,0x00000000dba00000,0x00000000dd480000)
 ParOldGen       total 94208K, used 45648K [0x0000000081a00000, 0x0000000087600000, 0x00000000d5e00000)
  object space 94208K, 48% used [0x0000000081a00000,0x0000000084694038,0x0000000087600000)
 Metaspace       used 10012K, capacity 10221K, committed 10368K, reserved 1058816K
  class space    used 1058K, capacity 1119K, committed 1152K, reserved 1048576K
}
Event: 20.170 GC heap before
{Heap before GC invocations=9 (full 2):
 PSYoungGen      total 111616K, used 94496K [0x00000000d5e00000, 0x00000000def00000, 0x0000000100000000)
  eden space 94208K, 100% used [0x00000000d5e00000,0x00000000dba00000,0x00000000dba00000)
  from space 17408K, 1% used [0x00000000dde00000,0x00000000dde48000,0x00000000def00000)
  to   space 27136K, 0% used [0x00000000dba00000,0x00000000dba00000,0x00000000dd480000)
 ParOldGen       total 94208K, used 45648K [0x0000000081a00000, 0x0000000087600000, 0x00000000d5e00000)
  object space 94208K, 48% used [0x0000000081a00000,0x0000000084694038,0x0000000087600000)
 Metaspace       used 10684K, capacity 10893K, committed 11136K, reserved 1058816K
  class space    used 1089K, capacity 1151K, committed 1152K, reserved 1048576K
Event: 20.172 GC heap after
Heap after GC invocations=9 (full 2):
 PSYoungGen      total 121344K, used 448K [0x00000000d5e00000, 0x00000000e2000000, 0x0000000100000000)
  eden space 94208K, 0% used [0x00000000d5e00000,0x00000000d5e00000,0x00000000dba00000)
  from space 27136K, 1% used [0x00000000dba00000,0x00000000dba70000,0x00000000dd480000)
  to   space 26112K, 0% used [0x00000000e0680000,0x00000000e0680000,0x00000000e2000000)
 ParOldGen       total 94208K, used 45656K [0x0000000081a00000, 0x0000000087600000, 0x00000000d5e00000)
  object space 94208K, 48% used [0x0000000081a00000,0x0000000084696038,0x0000000087600000)
 Metaspace       used 10684K, capacity 10893K, committed 11136K, reserved 1058816K
  class space    used 1089K, capacity 1151K, committed 1152K, reserved 1048576K
}
Event: 29.753 GC heap before
{Heap before GC invocations=10 (full 2):
 PSYoungGen      total 121344K, used 94656K [0x00000000d5e00000, 0x00000000e2000000, 0x0000000100000000)
  eden space 94208K, 100% used [0x00000000d5e00000,0x00000000dba00000,0x00000000dba00000)
  from space 27136K, 1% used [0x00000000dba00000,0x00000000dba70000,0x00000000dd480000)
  to   space 26112K, 0% used [0x00000000e0680000,0x00000000e0680000,0x00000000e2000000)
 ParOldGen       total 94208K, used 45656K [0x0000000081a00000, 0x0000000087600000, 0x00000000d5e00000)
  object space 94208K, 48% used [0x0000000081a00000,0x0000000084696038,0x0000000087600000)
 Metaspace       used 10713K, capacity 10893K, committed 11136K, reserved 1058816K
  class space    used 1090K, capacity 1151K, committed 1152K, reserved 1048576K
Event: 29.754 GC heap after
Heap after GC invocations=10 (full 2):
 PSYoungGen      total 158208K, used 352K [0x00000000d5e00000, 0x00000000e1800000, 0x0000000100000000)
  eden space 140288K, 0% used [0x00000000d5e00000,0x00000000d5e00000,0x00000000de700000)
  from space 17920K, 1% used [0x00000000e0680000,0x00000000e06d8000,0x00000000e1800000)
  to   space 25088K, 0% used [0x00000000de700000,0x00000000de700000,0x00000000dff80000)
 ParOldGen       total 94208K, used 45664K [0x0000000081a00000, 0x0000000087600000, 0x00000000d5e00000)
  object space 94208K, 48% used [0x0000000081a00000,0x0000000084698038,0x0000000087600000)
 Metaspace       used 10713K, capacity 10893K, committed 11136K, reserved 1058816K
  class space    used 1090K, capacity 1151K, committed 1152K, reserved 1048576K
}

